2025-04-12 18:48:59,656 - INFO - \u2714\ufe0f Rule parsed: waist_cm = hip_cm * 0.7
2025-04-12 18:48:59,658 - INFO - \u2714\ufe0f Rule parsed: pant_inseam_cm = height_cm * 0.5
2025-04-12 18:48:59,658 - INFO - \u2714\ufe0f Rule parsed: bust_height_cm = bust_radius_cm * 2.0
2025-04-12 18:48:59,659 - INFO - \u2714\ufe0f Rule parsed: dress_knee_length_cm = front_waist_length_cm + skirt_knee_length_cm
2025-04-12 18:48:59,659 - INFO - \u2714\ufe0f Rule parsed: dress_full_length_cm = front_waist_length_cm + skirt_full_length_cm
2025-04-12 18:48:59,659 - INFO - \u2714\ufe0f Rule parsed: around_neck_cm = waist_cm * 0.37
2025-04-12 18:48:59,659 - INFO - \u2714\ufe0f Rule parsed: around_thigh_cm = hip_cm * 0.6
2025-04-12 18:48:59,662 - INFO - \u2714\ufe0f Rule parsed: front_waist_length_cm = height_cm * 0.26
2025-04-12 18:48:59,662 - INFO - \u2714\ufe0f Rule parsed: around_bicep_cm = bust_cm * 0.25
2025-04-12 18:48:59,662 - INFO - \u2714\ufe0f Rule parsed: waist_cm = height_cm * 0.43
2025-04-12 18:48:59,662 - INFO - \u2714\ufe0f Rule parsed: pant_body_rise_cm = pant_outseam_cm - pant_inseam_cm
2025-04-12 18:48:59,662 - INFO - \u2714\ufe0f Rule parsed: around_knee_cm = hip_cm * 0.5
2025-04-12 18:48:59,662 - INFO - \u2714\ufe0f Rule parsed: elbow_length_cm = sleeve_length_cm - 0_2_height_cm
2025-04-12 18:48:59,662 - INFO - \u2714\ufe0f Rule parsed: around_elbow_cm = height_cm * 0.08
2025-04-12 18:48:59,662 - INFO - \u2714\ufe0f Rule parsed: front_waist_length_cm = back_waist_length_cm * 1.2
2025-04-12 18:48:59,662 - INFO - \u2714\ufe0f Rule parsed: skirt_knee_length_cm = height_cm * 0.4
2025-04-12 18:48:59,662 - INFO - \u2714\ufe0f Rule parsed: around_calf_cm = around_thigh_cm * 0.7
2025-04-12 18:48:59,662 - INFO - \u2714\ufe0f Rule parsed: height_cm = back_shoulder_cm * 6.5
2025-04-12 18:48:59,662 - INFO - \u2714\ufe0f Rule parsed: around_elbow_cm = around_bicep_cm * 0.85
2025-04-12 18:48:59,662 - INFO - \u2714\ufe0f Rule parsed: waist_cm = pant_inseam_cm * 0.35
2025-04-12 18:48:59,662 - INFO - \u2714\ufe0f Rule parsed: skirt_full_length_cm = height_cm * 0.5
2025-04-12 18:48:59,662 - INFO - \u2714\ufe0f Rule parsed: elbow_length_cm = height_cm * 0.25
2025-04-12 18:48:59,662 - INFO - \u2714\ufe0f Rule parsed: bust_cm = waist_cm * 1.5
2025-04-12 18:48:59,662 - INFO - \u2714\ufe0f Rule parsed: bust_height_cm = front_waist_length_cm * 1.5
2025-04-12 18:48:59,662 - INFO - \u2714\ufe0f Rule parsed: around_thigh_cm = waist_cm * 0.6
2025-04-12 18:48:59,662 - INFO - \u2714\ufe0f Rule parsed: chest_cm = 10 + waist_cm
2025-04-12 18:48:59,662 - INFO - \u2714\ufe0f Rule parsed: bust_height_cm = bust_cm * 0.6
2025-04-12 18:48:59,662 - INFO - \u2714\ufe0f Rule parsed: around_thigh_cm = around_calf_cm * 1.5
2025-04-12 18:48:59,662 - INFO - \u2714\ufe0f Rule parsed: pant_body_rise_cm = waist_cm * 0.35
2025-04-12 18:48:59,662 - INFO - \u2714\ufe0f Rule parsed: back_waist_length_cm = front_waist_length_cm * 0.9
2025-04-12 18:48:59,662 - INFO - \u2714\ufe0f Rule parsed: breast_distance_cm = bust_cm * 0.5
2025-04-12 18:48:59,662 - INFO - \u2714\ufe0f Rule parsed: bust_height_cm = height_cm * 0.3
2025-04-12 18:48:59,662 - INFO - \u2714\ufe0f Rule parsed: hip_cm = around_calf_cm * 1.8
2025-04-12 18:48:59,662 - INFO - \u2714\ufe0f Rule parsed: skirt_knee_length_cm = skirt_full_length_cm * 0.6
2025-04-12 18:48:59,662 - INFO - \u2714\ufe0f Rule parsed: hip_cm = around_knee_cm * 2.0
2025-04-12 18:48:59,662 - INFO - \u2714\ufe0f Rule parsed: around_wrist_cm = height_cm * 0.05
2025-04-12 18:48:59,662 - INFO - \u2714\ufe0f Rule parsed: around_ankle_cm = around_calf_cm * 0.6
2025-04-12 18:48:59,662 - INFO - \u2714\ufe0f Rule parsed: bust_cm = waist_cm * 1.2
2025-04-12 18:48:59,662 - INFO - \u2714\ufe0f Rule parsed: around_armhole_cm = bust_cm * 0.3
2025-04-12 18:48:59,662 - INFO - \u2714\ufe0f Rule parsed: around_neck_cm = chest_cm * 0.4
2025-04-12 18:48:59,662 - INFO - \u2714\ufe0f Rule parsed: hip_cm = 5 + bust_cm
2025-04-12 18:48:59,662 - INFO - \u2714\ufe0f Rule parsed: around_ankle_cm = around_thigh_cm * 0.5
2025-04-12 18:48:59,662 - INFO - \u2714\ufe0f Rule parsed: bust_height_cm = bust_cm * 0.6
2025-04-12 18:48:59,662 - INFO - \u2714\ufe0f Rule parsed: around_wrist_cm = hand_entry_cm * 0.6
2025-04-12 18:48:59,662 - INFO - \u2714\ufe0f Rule parsed: around_calf_cm = around_ankle_cm * 1.5
2025-04-12 18:48:59,662 - INFO - \u2714\ufe0f Rule parsed: around_knee_cm = around_thigh_cm * 0.6
2025-04-12 18:48:59,662 - INFO - \u2714\ufe0f Rule parsed: dress_full_length_cm = height_cm * 0.9
2025-04-12 18:48:59,662 - INFO - \u2714\ufe0f Rule parsed: wrist_depth = wrist_width * 0.8
2025-04-12 18:48:59,662 - INFO - \u2714\ufe0f Rule parsed: around_thigh_cm = around_ankle_cm * 2.0
2025-04-12 18:48:59,678 - INFO - \u2714\ufe0f Rule parsed: pant_knee_length_cm = height_cm * 0.5
2025-04-12 18:48:59,678 - INFO - \u2714\ufe0f Rule parsed: hip_cm = 5 + bust_cm
2025-04-12 18:48:59,679 - INFO - \u2714\ufe0f Rule parsed: around_neck_cm = height_cm * 0.2
2025-04-12 18:48:59,679 - INFO - \u2714\ufe0f Rule parsed: around_wrist_cm = around_bicep_cm * 0.6
2025-04-12 18:48:59,679 - INFO - \u2714\ufe0f Rule parsed: around_knee_cm = around_ankle_cm * 1.5
2025-04-12 18:48:59,679 - INFO - \u2714\ufe0f Rule parsed: around_bicep_cm = back_shoulder_cm * 0.25
2025-04-12 18:48:59,679 - INFO - \u2714\ufe0f Rule parsed: around_ankle_cm = waist_cm * 0.15
2025-04-12 18:48:59,679 - INFO - \u2714\ufe0f Rule parsed: around_wrist_cm = around_ankle_cm * 1.1
2025-04-12 18:48:59,679 - INFO - \u2714\ufe0f Rule parsed: front_waist_length_cm = bust_height_cm * 1.3
2025-04-12 18:48:59,679 - INFO - \u2714\ufe0f Rule parsed: waist_cm = waist_hip_distance_cm * 2.5
2025-04-12 18:48:59,682 - INFO - \u2714\ufe0f Rule parsed: front_waist_length_cm = height_cm * 0.4
